#
# A fatal error has been detected by the Java Runtime Environment:
#
#  SIGSEGV (0xb) at pc=0x00007f96ea231581, pid=26455, tid=26491
#
# JRE version: OpenJDK Runtime Environment (17.0.10+7) (build 17.0.10+7-Ubuntu-122.04.1)
# Java VM: OpenJDK 64-Bit Server VM (17.0.10+7-Ubuntu-122.04.1, mixed mode, sharing, tiered, compressed oops, compressed class ptrs, g1 gc, linux-amd64)
# Problematic frame:
# C  [libnvwgf2umx.so+0x1a47581]
#
# No core dump will be written. Core dumps have been disabled. To enable core dumping, try "ulimit -c unlimited" before starting Java again
#
# If you would like to submit a bug report, please visit:
#   Unknown
#

---------------  S U M M A R Y ------------

Command Line: --module-path=/mnt/c/Users/asus/Documents/Strategi-Algoritma-Sem4/Tucil3_13522019/src/target/classes:/home/razark/.m2/repository/org/openjfx/javafx-base/21/javafx-base-21-linux.jar:/home/razark/.m2/repository/org/openjfx/javafx-controls/21/javafx-controls-21-linux.jar:/home/razark/.m2/repository/org/openjfx/javafx-fxml/21/javafx-fxml-21-linux.jar:/home/razark/.m2/repository/org/openjfx/javafx-graphics/21/javafx-graphics-21-linux.jar --add-modules=main.tucil_13522019 -Djdk.module.main=main.tucil_13522019 main.tucil_13522019/main.tucil_13522019.Main

Host: Intel(R) Core(TM) i7-8565U CPU @ 1.80GHz, 8 cores, 3G, Ubuntu 22.04.2 LTS
Time: Mon May  6 00:12:12 2024 WIB elapsed time: 22.696343 seconds (0d 0h 0m 22s)

---------------  T H R E A D  ---------------

Current thread is native thread

Stack: [0x00007f9730725000,0x00007f9730f25000],  sp=0x00007f9730f23d90,  free space=8187k
Native frames: (J=compiled Java code, j=interpreted, Vv=VM code, C=native code)
C  [libnvwgf2umx.so+0x1a47581]


siginfo: si_signo: 11 (SIGSEGV), si_code: 1 (SEGV_MAPERR), si_addr: 0x00007f97805a0000

Registers:
RAX=0x0000000000000003, RBX=0x00007f96f8176e00, RCX=0x00007f97805a0000, RDX=0x0000000000000000
RSP=0x00007f9730f23d90, RBP=0x0000000000000000, RSI=0x00007f96f81e1920, RDI=0x00007f96f8176e00
R8 =0x00007f96e4000b70, R9 =0x00007f97b0be8080, R10=0x00007f9730f23d90, R11=0x09f67f93cd4657cd
R12=0x00007f96f81e1920, R13=0x00007f96f81e1920, R14=0x00007f96f8176f01, R15=0x0000000000000000
RIP=0x00007f96ea231581, EFLAGS=0x0000000000010246, CSGSFS=0x002b000000000033, ERR=0x0000000000000004